{
  "RSpec": {
    "coverage": {
      "/Users/UsmaanJ/Desktop/Projects/bookmark_manager/spec/helpers/session.rb": [
        1,
        1,
        6,
        6,
        6,
        6,
        6,
        null,
        null,
        1,
        2,
        2,
        2,
        2,
        null,
        null
      ],
      "/Users/UsmaanJ/Desktop/Projects/bookmark_manager/app/app.rb": [
        1,
        1,
        null,
        1,
        null,
        1,
        1,
        1,
        1,
        1,
        1,
        null,
        1,
        0,
        null,
        null,
        1,
        8,
        8,
        null,
        null,
        1,
        3,
        null,
        null,
        1,
        3,
        3,
        null,
        null,
        1,
        1,
        1,
        1,
        null,
        null,
        1,
        6,
        6,
        null,
        null,
        1,
        6,
        null,
        null,
        6,
        2,
        2,
        null,
        4,
        4,
        null,
        null,
        null,
        1,
        2,
        null,
        null,
        1,
        1,
        1,
        1,
        null,
        null,
        1,
        2,
        2,
        null,
        null,
        1,
        2,
        null,
        null,
        1,
        1,
        1,
        1,
        1,
        1,
        1,
        null,
        0,
        0,
        null,
        null,
        null,
        1,
        1,
        null,
        null,
        1,
        1,
        34,
        null,
        null,
        1,
        1,
        null,
        null,
        null,
        1,
        null
      ],
      "/Users/UsmaanJ/Desktop/Projects/bookmark_manager/app/data_mapper_setup.rb": [
        1,
        1,
        1,
        1,
        1,
        1,
        1,
        null,
        1,
        null,
        1,
        null,
        1,
        null,
        1
      ],
      "/Users/UsmaanJ/Desktop/Projects/bookmark_manager/app/models/link.rb": [
        1,
        null,
        1,
        null,
        1,
        1,
        1,
        null,
        1,
        null,
        null
      ],
      "/Users/UsmaanJ/Desktop/Projects/bookmark_manager/app/models/tag.rb": [
        1,
        1,
        null,
        1,
        1,
        null,
        1,
        null,
        null
      ],
      "/Users/UsmaanJ/Desktop/Projects/bookmark_manager/app/models/user.rb": [
        1,
        null,
        1,
        1,
        null,
        1,
        1,
        null,
        1,
        null,
        1,
        1,
        1,
        1,
        null,
        1,
        18,
        18,
        null,
        null,
        1,
        4,
        4,
        null,
        null
      ],
      "/Users/UsmaanJ/Desktop/Projects/bookmark_manager/spec/features/adding_tages_spec.rb": [
        1,
        null,
        1,
        1,
        1,
        1,
        1,
        1,
        1,
        1,
        null,
        null,
        1,
        1,
        1,
        1,
        1,
        1,
        1,
        1,
        null,
        null
      ],
      "/Users/UsmaanJ/Desktop/Projects/bookmark_manager/spec/features/creating_links_spec.rb": [
        1,
        null,
        1,
        1,
        1,
        1,
        1,
        null,
        1,
        null,
        1,
        1,
        null,
        null,
        null,
        1,
        1,
        null,
        null
      ],
      "/Users/UsmaanJ/Desktop/Projects/bookmark_manager/spec/features/user_management_spec.rb": [
        1,
        null,
        1,
        1,
        1,
        2,
        1,
        1,
        null,
        null,
        1,
        1,
        2,
        null,
        null,
        1,
        1,
        2,
        1,
        1,
        null,
        null,
        1,
        1,
        2,
        null,
        null,
        1,
        1,
        1,
        1,
        2,
        1,
        null,
        null,
        1,
        1,
        2,
        null,
        null,
        null,
        null,
        1,
        1,
        1,
        null,
        null,
        1,
        1,
        null,
        null,
        null,
        1,
        1,
        1,
        null,
        null,
        null,
        null,
        1,
        1,
        1,
        1,
        1,
        null,
        null,
        null,
        1,
        null,
        1,
        1,
        null,
        1,
        1,
        1,
        1,
        1,
        1,
        null,
        null,
        null,
        1,
        1,
        null,
        1,
        1,
        1,
        null,
        1,
        1,
        1,
        null,
        null
      ],
      "/Users/UsmaanJ/Desktop/Projects/bookmark_manager/spec/factories/user.rb": [
        1,
        null,
        1,
        1,
        1,
        1,
        null,
        null,
        1,
        1,
        1,
        1,
        null,
        null,
        1,
        1,
        1,
        1,
        null,
        null
      ],
      "/Users/UsmaanJ/Desktop/Projects/bookmark_manager/spec/features/viewing_links_spec.rb": [
        1,
        null,
        1,
        2,
        null,
        null,
        2,
        null,
        null,
        2,
        null,
        null,
        2,
        null,
        null,
        null,
        null,
        null,
        1,
        1,
        1,
        1,
        1,
        1,
        null,
        null,
        null,
        1,
        1,
        1,
        1,
        1,
        1,
        1,
        1,
        null,
        null,
        null
      ],
      "/Users/UsmaanJ/Desktop/Projects/bookmark_manager/spec/models/user_spec.rb": [
        1,
        null,
        1,
        1,
        null,
        null,
        null,
        1,
        1,
        1,
        null,
        null,
        null
      ]
    },
    "timestamp": 1444139613
  }
}
